<?xml version="1.0" encoding="UTF-8"?>
<!-- Generated by org.testng.reporters.JUnitReportReporter -->
<testsuite skipped="0" hostname="DESKTOP-C2A12O4" name="com.training.sanity.tests.Registerpage" tests="1" failures="0" timestamp="08 Jan 2020 18:58:36 GMT" time="32.753" errors="0">
  <testcase name="Registration" time="32.753" classname="com.training.sanity.tests.Registerpage"/>
</testsuite> <!-- com.training.sanity.tests.Registerpage -->
