<?xml version="1.0" encoding="UTF-8"?>
<!-- Generated by org.testng.reporters.JUnitReportReporter -->
<testsuite skipped="0" hostname="DESKTOP-C2A12O4" name="com.training.sanity.tests.LoginTests" tests="1" failures="0" timestamp="08 Jan 2020 19:17:27 GMT" time="26.735" errors="0">
  <testcase name="Loginprocess" time="26.735" classname="com.training.sanity.tests.LoginTests"/>
</testsuite> <!-- com.training.sanity.tests.LoginTests -->
