<?xml version="1.0" encoding="UTF-8"?>
<!-- Generated by org.testng.reporters.JUnitReportReporter -->
<testsuite skipped="0" hostname="DESKTOP-C2A12O4" name="com.training.sanity.tests.RTTC_003_ForgotPassword" tests="1" failures="0" timestamp="08 Jan 2020 19:44:27 GMT" time="31.888" errors="0">
  <testcase name="Forgotpasswordflow" time="31.888" classname="com.training.sanity.tests.RTTC_003_ForgotPassword"/>
</testsuite> <!-- com.training.sanity.tests.RTTC_003_ForgotPassword -->
